Vivado Simulator v2023.2
Copyright 1986-2022 Xilinx, Inc. All Rights Reserved.
Copyright 2022-2023 Advanced Micro Devices, Inc. All Rights Reserved.
Running: C:/Xilinx/Vivado/2023.2/bin/unwrapped/win64.o/xelab.exe --incr --debug typical --relax --mt 2 -L xil_defaultlib -L unisims_ver -L unimacro_ver -L secureip --snapshot tb_scoreboard_behav xil_defaultlib.tb_scoreboard xil_defaultlib.glbl -log elaborate.log 
Using 2 slave threads.
Starting static elaboration
Pass Through NonSizing Optimizer
Completed static elaboration
Starting simulation data flow analysis
WARNING: [XSIM 43-4099] "C:/Users/acer/scoreboard_ooo/scoreboard_ooo.srcs/sources_1/new/issue_logic.v" Line 1. Module issue_logic doesn't have a timescale but at least one module in design has a timescale.
WARNING: [XSIM 43-4099] "C:/Users/acer/scoreboard_ooo/scoreboard_ooo.srcs/sources_1/new/functional_unit.v" Line 1. Module functional_unit doesn't have a timescale but at least one module in design has a timescale.
WARNING: [XSIM 43-4099] "C:/Users/acer/scoreboard_ooo/scoreboard_ooo.srcs/sources_1/new/issue_logic.v" Line 1. Module issue_logic doesn't have a timescale but at least one module in design has a timescale.
WARNING: [XSIM 43-4099] "C:/Users/acer/scoreboard_ooo/scoreboard_ooo.srcs/sources_1/new/functional_unit.v" Line 1. Module functional_unit doesn't have a timescale but at least one module in design has a timescale.
Completed simulation data flow analysis
Time Resolution for simulation is 1ps
Compiling module xil_defaultlib.scoreboard_table
Compiling module xil_defaultlib.issue_logic
Compiling module xil_defaultlib.functional_unit
Compiling module xil_defaultlib.writeback_unit
Compiling module xil_defaultlib.scoreboard_top
Compiling module xil_defaultlib.tb_scoreboard
Compiling module xil_defaultlib.glbl
Built simulation snapshot tb_scoreboard_behav
